::1 - - [16/May/2018:22:08:45 +0530] "GET / HTTP/1.1" 200 14363
::1 - - [16/May/2018:22:08:47 +0530] "GET /css/bootstrap.theme.min.css HTTP/1.1" 404 225
::1 - - [16/May/2018:22:08:47 +0530] "GET /js/jquery.js HTTP/1.1" 404 210
::1 - - [16/May/2018:22:08:47 +0530] "GET /img/1.jpg HTTP/1.1" 200 116337
::1 - - [16/May/2018:22:08:47 +0530] "GET /img/2.jpg HTTP/1.1" 200 103262
::1 - - [16/May/2018:22:08:47 +0530] "GET /img/3.jpg HTTP/1.1" 200 121486
::1 - - [16/May/2018:22:08:47 +0530] "GET /img/5.jpg HTTP/1.1" 200 43035
::1 - - [16/May/2018:22:08:47 +0530] "GET /img/6.jpg HTTP/1.1" 200 79483
::1 - - [16/May/2018:22:08:47 +0530] "GET /mobiles/iphone1.png HTTP/1.1" 200 454727
::1 - - [16/May/2018:22:08:47 +0530] "GET /css/bootstrap.theme.min.css HTTP/1.1" 404 225
::1 - - [16/May/2018:22:08:47 +0530] "GET /mobiles/lgg61.png HTTP/1.1" 200 89226
::1 - - [16/May/2018:22:08:47 +0530] "GET /mobiles/google1.png HTTP/1.1" 200 100812
::1 - - [16/May/2018:22:08:47 +0530] "GET /js/jquery.js HTTP/1.1" 404 210
::1 - - [16/May/2018:22:08:47 +0530] "GET /mobiles/mot%201.jpg HTTP/1.1" 200 120963
::1 - - [16/May/2018:22:08:47 +0530] "GET /laptops/2.jpg HTTP/1.1" 404 211
::1 - - [16/May/2018:22:08:47 +0530] "GET /laptops/1.png HTTP/1.1" 404 211
::1 - - [16/May/2018:22:08:47 +0530] "GET /mobiles/s73.png HTTP/1.1" 200 657790
::1 - - [16/May/2018:22:08:47 +0530] "GET /dslr/nikon%202.png HTTP/1.1" 200 351388
::1 - - [16/May/2018:22:08:47 +0530] "GET /dslr/nikon%20d53.png HTTP/1.1" 200 441176
::1 - - [16/May/2018:22:08:47 +0530] "GET /dslr/canon%201.png HTTP/1.1" 200 122067
::1 - - [16/May/2018:22:08:47 +0530] "GET /dslr/canon%20704.png HTTP/1.1" 200 157760
::1 - - [16/May/2018:22:08:47 +0530] "GET /dslr/s%201.jpg HTTP/1.1" 200 205749
::1 - - [16/May/2018:22:08:47 +0530] "GET /mobiles/oneplus%201.png HTTP/1.1" 200 484811
::1 - - [16/May/2018:22:08:48 +0530] "GET /assets/ico/favicon.ico HTTP/1.1" 404 220
