2017-04-17 09:54:45 7436 [Note] Plugin 'FEDERATED' is disabled.
2017-04-17 09:54:45 7436 [Note] InnoDB: The InnoDB memory heap is disabled
2017-04-17 09:54:45 7436 [Note] InnoDB: Mutexes and rw_locks use Windows interlocked functions
2017-04-17 09:54:45 7436 [Note] InnoDB: Compressed tables use zlib 1.2.3
2017-04-17 09:54:45 7436 [Note] InnoDB: Not using CPU crc32 instructions
2017-04-17 09:54:45 7436 [Note] InnoDB: Initializing buffer pool, size = 128.0M
2017-04-17 09:54:45 7436 [Note] InnoDB: Completed initialization of buffer pool
2017-04-17 09:54:45 7436 [Note] InnoDB: Highest supported file format is Barracuda.
2017-04-17 09:54:45 7436 [Note] InnoDB: The log sequence numbers 1626134 and 1626134 in ibdata files do not match the log sequence number 1891250 in the ib_logfiles!
2017-04-17 09:54:45 7436 [Note] InnoDB: Database was not shutdown normally!
2017-04-17 09:54:45 7436 [Note] InnoDB: Starting crash recovery.
2017-04-17 09:54:45 7436 [Note] InnoDB: Reading tablespace information from the .ibd files...
2017-04-17 09:54:46 7436 [Note] InnoDB: Restoring possible half-written data pages 
2017-04-17 09:54:46 7436 [Note] InnoDB: from the doublewrite buffer...
2017-04-17 09:54:46 7436 [Note] InnoDB: 128 rollback segment(s) are active.
2017-04-17 09:54:46 7436 [Note] InnoDB: Waiting for purge to start
2017-04-17 09:54:47 7436 [Note] InnoDB: 5.6.13 started; log sequence number 1891250
2017-04-17 09:54:47 7436 [Note] Server hostname (bind-address): '*'; port: 3307
2017-04-17 09:54:47 7436 [Note] IPv6 is available.
2017-04-17 09:54:47 7436 [Note]   - '::' resolves to '::';
2017-04-17 09:54:47 7436 [Note] Server socket created on IP: '::'.
2017-04-17 09:54:49 7436 [Note] Event Scheduler: Loaded 0 events
2017-04-17 09:54:49 7436 [Note] G:\project 1/mysql/bin/mysqld_usbwv8.exe: ready for connections.
Version: '5.6.13'  socket: ''  port: 3307  MySQL Community Server (GPL)
2017-04-17 09:55:29 8796 [Note] Plugin 'FEDERATED' is disabled.
2017-04-17 09:55:29 8796 [Note] InnoDB: The InnoDB memory heap is disabled
2017-04-17 09:55:29 8796 [Note] InnoDB: Mutexes and rw_locks use Windows interlocked functions
2017-04-17 09:55:29 8796 [Note] InnoDB: Compressed tables use zlib 1.2.3
2017-04-17 09:55:29 8796 [Note] InnoDB: Not using CPU crc32 instructions
2017-04-17 09:55:29 8796 [Note] InnoDB: Initializing buffer pool, size = 128.0M
2017-04-17 09:55:29 8796 [Note] InnoDB: Completed initialization of buffer pool
2017-04-17 09:55:29 8796 [Note] InnoDB: Highest supported file format is Barracuda.
2017-04-17 09:55:29 8796 [Note] InnoDB: The log sequence numbers 1626134 and 1626134 in ibdata files do not match the log sequence number 1891260 in the ib_logfiles!
2017-04-17 09:55:29 8796 [Note] InnoDB: Database was not shutdown normally!
2017-04-17 09:55:29 8796 [Note] InnoDB: Starting crash recovery.
2017-04-17 09:55:29 8796 [Note] InnoDB: Reading tablespace information from the .ibd files...
2017-04-17 09:55:29 8796 [Note] InnoDB: Restoring possible half-written data pages 
2017-04-17 09:55:29 8796 [Note] InnoDB: from the doublewrite buffer...
2017-04-17 09:55:31 8796 [Note] InnoDB: 128 rollback segment(s) are active.
2017-04-17 09:55:31 8796 [Note] InnoDB: Waiting for purge to start
2017-04-17 09:55:31 8796 [Note] InnoDB: 5.6.13 started; log sequence number 1891260
2017-04-17 09:55:31 8796 [Note] Server hostname (bind-address): '*'; port: 3307
2017-04-17 09:55:31 8796 [Note] IPv6 is available.
2017-04-17 09:55:31 8796 [Note]   - '::' resolves to '::';
2017-04-17 09:55:31 8796 [Note] Server socket created on IP: '::'.
2017-04-20 09:21:30 7832 [Note] Plugin 'FEDERATED' is disabled.
2017-04-20 09:21:32 7832 [Note] InnoDB: The InnoDB memory heap is disabled
2017-04-20 09:21:32 7832 [Note] InnoDB: Mutexes and rw_locks use Windows interlocked functions
2017-04-20 09:21:32 7832 [Note] InnoDB: Compressed tables use zlib 1.2.3
2017-04-20 09:21:33 7832 [Note] InnoDB: Not using CPU crc32 instructions
2017-04-20 09:21:34 7832 [Note] InnoDB: Initializing buffer pool, size = 128.0M
2017-04-20 09:21:34 7832 [Note] InnoDB: Completed initialization of buffer pool
2017-04-20 09:21:35 7832 [Note] InnoDB: Highest supported file format is Barracuda.
2017-04-20 09:21:35 7832 [Note] InnoDB: The log sequence numbers 1626134 and 1626134 in ibdata files do not match the log sequence number 1891399 in the ib_logfiles!
2017-04-20 09:21:35 7832 [Note] InnoDB: Database was not shutdown normally!
2017-04-20 09:21:35 7832 [Note] InnoDB: Starting crash recovery.
2017-04-20 09:21:35 7832 [Note] InnoDB: Reading tablespace information from the .ibd files...
2017-04-20 09:21:36 7832 [Note] InnoDB: Restoring possible half-written data pages 
2017-04-20 09:21:36 7832 [Note] InnoDB: from the doublewrite buffer...
2017-04-20 09:21:43 7832 [Note] InnoDB: 128 rollback segment(s) are active.
2017-04-20 09:21:43 7832 [Note] InnoDB: Waiting for purge to start
2017-04-20 09:21:43 7832 [Note] InnoDB: 5.6.13 started; log sequence number 1891399
2017-04-20 09:21:44 7832 [Note] Server hostname (bind-address): '*'; port: 3307
2017-04-20 09:21:44 7832 [Note] IPv6 is available.
2017-04-20 09:21:44 7832 [Note]   - '::' resolves to '::';
2017-04-20 09:21:44 7832 [Note] Server socket created on IP: '::'.
2017-04-20 13:59:01 6996 [Note] Plugin 'FEDERATED' is disabled.
2017-04-20 13:59:01 6996 [Note] InnoDB: The InnoDB memory heap is disabled
2017-04-20 13:59:01 6996 [Note] InnoDB: Mutexes and rw_locks use Windows interlocked functions
2017-04-20 13:59:01 6996 [Note] InnoDB: Compressed tables use zlib 1.2.3
2017-04-20 13:59:01 6996 [Note] InnoDB: Not using CPU crc32 instructions
2017-04-20 13:59:01 6996 [Note] InnoDB: Initializing buffer pool, size = 128.0M
2017-04-20 13:59:01 6996 [Note] InnoDB: Completed initialization of buffer pool
2017-04-20 13:59:01 6996 [Note] InnoDB: Highest supported file format is Barracuda.
2017-04-20 13:59:01 6996 [Note] InnoDB: The log sequence numbers 1626134 and 1626134 in ibdata files do not match the log sequence number 1891409 in the ib_logfiles!
2017-04-20 13:59:01 6996 [Note] InnoDB: Database was not shutdown normally!
2017-04-20 13:59:01 6996 [Note] InnoDB: Starting crash recovery.
2017-04-20 13:59:01 6996 [Note] InnoDB: Reading tablespace information from the .ibd files...
2017-04-20 13:59:01 6996 [Note] InnoDB: Restoring possible half-written data pages 
2017-04-20 13:59:01 6996 [Note] InnoDB: from the doublewrite buffer...
2017-04-20 13:59:02 6996 [Note] InnoDB: 128 rollback segment(s) are active.
2017-04-20 13:59:02 6996 [Note] InnoDB: Waiting for purge to start
2017-04-20 13:59:02 6996 [Note] InnoDB: 5.6.13 started; log sequence number 1891409
2017-04-20 13:59:02 6996 [Note] Server hostname (bind-address): '*'; port: 3307
2017-04-20 13:59:02 6996 [Note] IPv6 is available.
2017-04-20 13:59:02 6996 [Note]   - '::' resolves to '::';
2017-04-20 13:59:02 6996 [Note] Server socket created on IP: '::'.
2017-04-20 14:00:05 8400 [Note] Plugin 'FEDERATED' is disabled.
2017-04-20 14:00:05 8400 [Note] InnoDB: The InnoDB memory heap is disabled
2017-04-20 14:00:05 8400 [Note] InnoDB: Mutexes and rw_locks use Windows interlocked functions
2017-04-20 14:00:05 8400 [Note] InnoDB: Compressed tables use zlib 1.2.3
2017-04-20 14:00:05 8400 [Note] InnoDB: Not using CPU crc32 instructions
2017-04-20 14:00:05 8400 [Note] InnoDB: Initializing buffer pool, size = 128.0M
2017-04-20 14:00:05 8400 [Note] InnoDB: Completed initialization of buffer pool
2017-04-20 14:00:05 8400 [ERROR] InnoDB: E:\project 1\mysql\data\ibdata1 can't be opened in read-write mode
2017-04-20 14:00:05 8400 [ERROR] InnoDB: The system tablespace must be writable!
2017-04-20 14:00:05 8400 [ERROR] Plugin 'InnoDB' init function returned error.
2017-04-20 14:00:05 8400 [ERROR] Plugin 'InnoDB' registration as a STORAGE ENGINE failed.
2017-04-20 14:00:05 8400 [ERROR] Unknown/unsupported storage engine: InnoDB
2017-04-20 14:00:05 8400 [ERROR] Aborting

2017-04-20 14:00:05 8400 [Note] Binlog end
2017-04-20 14:00:05 8400 [Note] Shutting down plugin 'partition'
2017-04-20 14:00:05 8400 [Note] Shutting down plugin 'PERFORMANCE_SCHEMA'
2017-04-20 14:00:05 8400 [Note] Shutting down plugin 'INNODB_SYS_DATAFILES'
2017-04-20 14:00:05 8400 [Note] Shutting down plugin 'INNODB_SYS_TABLESPACES'
2017-04-20 14:00:05 8400 [Note] Shutting down plugin 'INNODB_SYS_FOREIGN_COLS'
2017-04-20 14:00:05 8400 [Note] Shutting down plugin 'INNODB_SYS_FOREIGN'
2017-04-20 14:00:05 8400 [Note] Shutting down plugin 'INNODB_SYS_FIELDS'
2017-04-20 14:00:05 8400 [Note] Shutting down plugin 'INNODB_SYS_COLUMNS'
2017-04-20 14:00:05 8400 [Note] Shutting down plugin 'INNODB_SYS_INDEXES'
2017-04-20 14:00:05 8400 [Note] Shutting down plugin 'INNODB_SYS_TABLESTATS'
2017-04-20 14:00:05 8400 [Note] Shutting down plugin 'INNODB_SYS_TABLES'
2017-04-20 14:00:05 8400 [Note] Shutting down plugin 'INNODB_FT_INDEX_TABLE'
2017-04-20 14:00:05 8400 [Note] Shutting down plugin 'INNODB_FT_INDEX_CACHE'
2017-04-20 14:00:05 8400 [Note] Shutting down plugin 'INNODB_FT_CONFIG'
2017-04-20 14:00:05 8400 [Note] Shutting down plugin 'INNODB_FT_BEING_DELETED'
2017-04-20 14:00:05 8400 [Note] Shutting down plugin 'INNODB_FT_DELETED'
2017-04-20 14:00:05 8400 [Note] Shutting down plugin 'INNODB_FT_DEFAULT_STOPWORD'
2017-04-20 14:00:05 8400 [Note] Shutting down plugin 'INNODB_METRICS'
2017-04-20 14:00:05 8400 [Note] Shutting down plugin 'INNODB_BUFFER_POOL_STATS'
2017-04-20 14:00:05 8400 [Note] Shutting down plugin 'INNODB_BUFFER_PAGE_LRU'
2017-04-20 14:00:05 8400 [Note] Shutting down plugin 'INNODB_BUFFER_PAGE'
2017-04-20 14:00:05 8400 [Note] Shutting down plugin 'INNODB_CMP_PER_INDEX_RESET'
2017-04-20 14:00:05 8400 [Note] Shutting down plugin 'INNODB_CMP_PER_INDEX'
2017-04-20 14:00:05 8400 [Note] Shutting down plugin 'INNODB_CMPMEM_RESET'
2017-04-20 14:00:05 8400 [Note] Shutting down plugin 'INNODB_CMPMEM'
2017-04-20 14:00:05 8400 [Note] Shutting down plugin 'INNODB_CMP_RESET'
2017-04-20 14:00:05 8400 [Note] Shutting down plugin 'INNODB_CMP'
2017-04-20 14:00:05 8400 [Note] Shutting down plugin 'INNODB_LOCK_WAITS'
2017-04-20 14:00:05 8400 [Note] Shutting down plugin 'INNODB_LOCKS'
2017-04-20 14:00:05 8400 [Note] Shutting down plugin 'INNODB_TRX'
2017-04-20 14:00:05 8400 [Note] Shutting down plugin 'BLACKHOLE'
2017-04-20 14:00:05 8400 [Note] Shutting down plugin 'ARCHIVE'
2017-04-20 14:00:05 8400 [Note] Shutting down plugin 'MRG_MYISAM'
2017-04-20 14:00:05 8400 [Note] Shutting down plugin 'MyISAM'
2017-04-20 14:00:05 8400 [Note] Shutting down plugin 'MEMORY'
2017-04-20 14:00:05 8400 [Note] Shutting down plugin 'CSV'
2017-04-20 14:00:05 8400 [Note] Shutting down plugin 'sha256_password'
2017-04-20 14:00:05 8400 [Note] Shutting down plugin 'mysql_old_password'
2017-04-20 14:00:05 8400 [Note] Shutting down plugin 'mysql_native_password'
2017-04-20 14:00:05 8400 [Note] Shutting down plugin 'binlog'
2017-04-20 14:00:05 8400 [Note] E:\project 1/mysql/bin/mysqld_usbwv8.exe: Shutdown complete

2017-04-20 14:12:03 7852 [Note] Plugin 'FEDERATED' is disabled.
2017-04-20 14:12:03 7852 [Note] InnoDB: The InnoDB memory heap is disabled
2017-04-20 14:12:03 7852 [Note] InnoDB: Mutexes and rw_locks use Windows interlocked functions
2017-04-20 14:12:03 7852 [Note] InnoDB: Compressed tables use zlib 1.2.3
2017-04-20 14:12:03 7852 [Note] InnoDB: Not using CPU crc32 instructions
2017-04-20 14:12:03 7852 [Note] InnoDB: Initializing buffer pool, size = 128.0M
2017-04-20 14:12:03 7852 [Note] InnoDB: Completed initialization of buffer pool
2017-04-20 14:12:03 7852 [Note] InnoDB: Highest supported file format is Barracuda.
2017-04-20 14:12:03 7852 [Note] InnoDB: The log sequence numbers 1626134 and 1626134 in ibdata files do not match the log sequence number 1891523 in the ib_logfiles!
2017-04-20 14:12:03 7852 [Note] InnoDB: Database was not shutdown normally!
2017-04-20 14:12:03 7852 [Note] InnoDB: Starting crash recovery.
2017-04-20 14:12:03 7852 [Note] InnoDB: Reading tablespace information from the .ibd files...
2017-04-20 14:12:03 7852 [Note] InnoDB: Restoring possible half-written data pages 
2017-04-20 14:12:03 7852 [Note] InnoDB: from the doublewrite buffer...
2017-04-20 14:12:03 7852 [Note] InnoDB: 128 rollback segment(s) are active.
2017-04-20 14:12:03 7852 [Note] InnoDB: Waiting for purge to start
2017-04-20 14:12:03 7852 [Note] InnoDB: 5.6.13 started; log sequence number 1891523
2017-04-20 14:12:03 7852 [Note] Server hostname (bind-address): '*'; port: 3307
2017-04-20 14:12:03 7852 [Note] IPv6 is available.
2017-04-20 14:12:03 7852 [Note]   - '::' resolves to '::';
2017-04-20 14:12:03 7852 [Note] Server socket created on IP: '::'.
2017-04-20 14:21:09 8468 [Note] Plugin 'FEDERATED' is disabled.
2017-04-20 14:21:09 8468 [Note] InnoDB: The InnoDB memory heap is disabled
2017-04-20 14:21:09 8468 [Note] InnoDB: Mutexes and rw_locks use Windows interlocked functions
2017-04-20 14:21:09 8468 [Note] InnoDB: Compressed tables use zlib 1.2.3
2017-04-20 14:21:09 8468 [Note] InnoDB: Not using CPU crc32 instructions
2017-04-20 14:21:09 8468 [Note] InnoDB: Initializing buffer pool, size = 128.0M
2017-04-20 14:21:09 8468 [Note] InnoDB: Completed initialization of buffer pool
2017-04-20 14:21:09 8468 [ERROR] InnoDB: E:\project 1\mysql\data\ibdata1 can't be opened in read-write mode
2017-04-20 14:21:09 8468 [ERROR] InnoDB: The system tablespace must be writable!
2017-04-20 14:21:09 8468 [ERROR] Plugin 'InnoDB' init function returned error.
2017-04-20 14:21:09 8468 [ERROR] Plugin 'InnoDB' registration as a STORAGE ENGINE failed.
2017-04-20 14:21:09 8468 [ERROR] Unknown/unsupported storage engine: InnoDB
2017-04-20 14:21:09 8468 [ERROR] Aborting

2017-04-20 14:21:09 8468 [Note] Binlog end
2017-04-20 14:21:09 8468 [Note] Shutting down plugin 'partition'
2017-04-20 14:21:09 8468 [Note] Shutting down plugin 'PERFORMANCE_SCHEMA'
2017-04-20 14:21:09 8468 [Note] Shutting down plugin 'INNODB_SYS_DATAFILES'
2017-04-20 14:21:09 8468 [Note] Shutting down plugin 'INNODB_SYS_TABLESPACES'
2017-04-20 14:21:09 8468 [Note] Shutting down plugin 'INNODB_SYS_FOREIGN_COLS'
2017-04-20 14:21:09 8468 [Note] Shutting down plugin 'INNODB_SYS_FOREIGN'
2017-04-20 14:21:09 8468 [Note] Shutting down plugin 'INNODB_SYS_FIELDS'
2017-04-20 14:21:09 8468 [Note] Shutting down plugin 'INNODB_SYS_COLUMNS'
2017-04-20 14:21:09 8468 [Note] Shutting down plugin 'INNODB_SYS_INDEXES'
2017-04-20 14:21:09 8468 [Note] Shutting down plugin 'INNODB_SYS_TABLESTATS'
2017-04-20 14:21:09 8468 [Note] Shutting down plugin 'INNODB_SYS_TABLES'
2017-04-20 14:21:09 8468 [Note] Shutting down plugin 'INNODB_FT_INDEX_TABLE'
2017-04-20 14:21:09 8468 [Note] Shutting down plugin 'INNODB_FT_INDEX_CACHE'
2017-04-20 14:21:09 8468 [Note] Shutting down plugin 'INNODB_FT_CONFIG'
2017-04-20 14:21:09 8468 [Note] Shutting down plugin 'INNODB_FT_BEING_DELETED'
2017-04-20 14:21:09 8468 [Note] Shutting down plugin 'INNODB_FT_DELETED'
2017-04-20 14:21:09 8468 [Note] Shutting down plugin 'INNODB_FT_DEFAULT_STOPWORD'
2017-04-20 14:21:09 8468 [Note] Shutting down plugin 'INNODB_METRICS'
2017-04-20 14:21:09 8468 [Note] Shutting down plugin 'INNODB_BUFFER_POOL_STATS'
2017-04-20 14:21:09 8468 [Note] Shutting down plugin 'INNODB_BUFFER_PAGE_LRU'
2017-04-20 14:21:09 8468 [Note] Shutting down plugin 'INNODB_BUFFER_PAGE'
2017-04-20 14:21:09 8468 [Note] Shutting down plugin 'INNODB_CMP_PER_INDEX_RESET'
2017-04-20 14:21:09 8468 [Note] Shutting down plugin 'INNODB_CMP_PER_INDEX'
2017-04-20 14:21:09 8468 [Note] Shutting down plugin 'INNODB_CMPMEM_RESET'
2017-04-20 14:21:09 8468 [Note] Shutting down plugin 'INNODB_CMPMEM'
2017-04-20 14:21:09 8468 [Note] Shutting down plugin 'INNODB_CMP_RESET'
2017-04-20 14:21:09 8468 [Note] Shutting down plugin 'INNODB_CMP'
2017-04-20 14:21:09 8468 [Note] Shutting down plugin 'INNODB_LOCK_WAITS'
2017-04-20 14:21:09 8468 [Note] Shutting down plugin 'INNODB_LOCKS'
2017-04-20 14:21:09 8468 [Note] Shutting down plugin 'INNODB_TRX'
2017-04-20 14:21:09 8468 [Note] Shutting down plugin 'BLACKHOLE'
2017-04-20 14:21:09 8468 [Note] Shutting down plugin 'ARCHIVE'
2017-04-20 14:21:09 8468 [Note] Shutting down plugin 'MRG_MYISAM'
2017-04-20 14:21:09 8468 [Note] Shutting down plugin 'MyISAM'
2017-04-20 14:21:09 8468 [Note] Shutting down plugin 'MEMORY'
2017-04-20 14:21:09 8468 [Note] Shutting down plugin 'CSV'
2017-04-20 14:21:09 8468 [Note] Shutting down plugin 'sha256_password'
2017-04-20 14:21:09 8468 [Note] Shutting down plugin 'mysql_old_password'
2017-04-20 14:21:09 8468 [Note] Shutting down plugin 'mysql_native_password'
2017-04-20 14:21:09 8468 [Note] Shutting down plugin 'binlog'
2017-04-20 14:21:09 8468 [Note] E:\project 1/mysql/bin/mysqld_usbwv8.exe: Shutdown complete

2017-04-20 15:04:00 8244 [Note] Plugin 'FEDERATED' is disabled.
2017-04-20 15:04:00 8244 [Note] InnoDB: The InnoDB memory heap is disabled
2017-04-20 15:04:00 8244 [Note] InnoDB: Mutexes and rw_locks use Windows interlocked functions
2017-04-20 15:04:00 8244 [Note] InnoDB: Compressed tables use zlib 1.2.3
2017-04-20 15:04:00 8244 [Note] InnoDB: Not using CPU crc32 instructions
2017-04-20 15:04:00 8244 [Note] InnoDB: Initializing buffer pool, size = 128.0M
2017-04-20 15:04:00 8244 [Note] InnoDB: Completed initialization of buffer pool
2017-04-20 15:04:01 8244 [Note] InnoDB: Highest supported file format is Barracuda.
2017-04-20 15:04:01 8244 [Note] InnoDB: The log sequence numbers 1626134 and 1626134 in ibdata files do not match the log sequence number 1891642 in the ib_logfiles!
2017-04-20 15:04:01 8244 [Note] InnoDB: Database was not shutdown normally!
2017-04-20 15:04:01 8244 [Note] InnoDB: Starting crash recovery.
2017-04-20 15:04:01 8244 [Note] InnoDB: Reading tablespace information from the .ibd files...
2017-04-20 15:04:02 8244 [Note] InnoDB: Restoring possible half-written data pages 
2017-04-20 15:04:02 8244 [Note] InnoDB: from the doublewrite buffer...
2017-04-20 15:04:03 8244 [Note] InnoDB: 128 rollback segment(s) are active.
2017-04-20 15:04:03 8244 [Note] InnoDB: Waiting for purge to start
2017-04-20 15:04:03 8244 [Note] InnoDB: 5.6.13 started; log sequence number 1891642
2017-04-20 15:04:03 8244 [Note] Server hostname (bind-address): '*'; port: 3307
2017-04-20 15:04:03 8244 [Note] IPv6 is available.
2017-04-20 15:04:03 8244 [Note]   - '::' resolves to '::';
2017-04-20 15:04:03 8244 [Note] Server socket created on IP: '::'.
2017-04-20 15:05:08 2868 [Note] Plugin 'FEDERATED' is disabled.
2017-04-20 15:05:08 2868 [Note] InnoDB: The InnoDB memory heap is disabled
2017-04-20 15:05:08 2868 [Note] InnoDB: Mutexes and rw_locks use Windows interlocked functions
2017-04-20 15:05:08 2868 [Note] InnoDB: Compressed tables use zlib 1.2.3
2017-04-20 15:05:08 2868 [Note] InnoDB: Not using CPU crc32 instructions
2017-04-20 15:05:08 2868 [Note] InnoDB: Initializing buffer pool, size = 128.0M
2017-04-20 15:05:08 2868 [Note] InnoDB: Completed initialization of buffer pool
2017-04-20 15:05:08 2868 [ERROR] InnoDB: E:\project 1\mysql\data\ibdata1 can't be opened in read-write mode
2017-04-20 15:05:08 2868 [ERROR] InnoDB: The system tablespace must be writable!
2017-04-20 15:05:08 2868 [ERROR] Plugin 'InnoDB' init function returned error.
2017-04-20 15:05:08 2868 [ERROR] Plugin 'InnoDB' registration as a STORAGE ENGINE failed.
2017-04-20 15:05:08 2868 [ERROR] Unknown/unsupported storage engine: InnoDB
2017-04-20 15:05:08 2868 [ERROR] Aborting

2017-04-20 15:05:08 2868 [Note] Binlog end
2017-04-20 15:05:08 2868 [Note] Shutting down plugin 'partition'
2017-04-20 15:05:08 2868 [Note] Shutting down plugin 'PERFORMANCE_SCHEMA'
2017-04-20 15:05:08 2868 [Note] Shutting down plugin 'INNODB_SYS_DATAFILES'
2017-04-20 15:05:08 2868 [Note] Shutting down plugin 'INNODB_SYS_TABLESPACES'
2017-04-20 15:05:08 2868 [Note] Shutting down plugin 'INNODB_SYS_FOREIGN_COLS'
2017-04-20 15:05:08 2868 [Note] Shutting down plugin 'INNODB_SYS_FOREIGN'
2017-04-20 15:05:08 2868 [Note] Shutting down plugin 'INNODB_SYS_FIELDS'
2017-04-20 15:05:08 2868 [Note] Shutting down plugin 'INNODB_SYS_COLUMNS'
2017-04-20 15:05:08 2868 [Note] Shutting down plugin 'INNODB_SYS_INDEXES'
2017-04-20 15:05:08 2868 [Note] Shutting down plugin 'INNODB_SYS_TABLESTATS'
2017-04-20 15:05:08 2868 [Note] Shutting down plugin 'INNODB_SYS_TABLES'
2017-04-20 15:05:08 2868 [Note] Shutting down plugin 'INNODB_FT_INDEX_TABLE'
2017-04-20 15:05:08 2868 [Note] Shutting down plugin 'INNODB_FT_INDEX_CACHE'
2017-04-20 15:05:08 2868 [Note] Shutting down plugin 'INNODB_FT_CONFIG'
2017-04-20 15:05:08 2868 [Note] Shutting down plugin 'INNODB_FT_BEING_DELETED'
2017-04-20 15:05:08 2868 [Note] Shutting down plugin 'INNODB_FT_DELETED'
2017-04-20 15:05:08 2868 [Note] Shutting down plugin 'INNODB_FT_DEFAULT_STOPWORD'
2017-04-20 15:05:08 2868 [Note] Shutting down plugin 'INNODB_METRICS'
2017-04-20 15:05:08 2868 [Note] Shutting down plugin 'INNODB_BUFFER_POOL_STATS'
2017-04-20 15:05:08 2868 [Note] Shutting down plugin 'INNODB_BUFFER_PAGE_LRU'
2017-04-20 15:05:08 2868 [Note] Shutting down plugin 'INNODB_BUFFER_PAGE'
2017-04-20 15:05:08 2868 [Note] Shutting down plugin 'INNODB_CMP_PER_INDEX_RESET'
2017-04-20 15:05:08 2868 [Note] Shutting down plugin 'INNODB_CMP_PER_INDEX'
2017-04-20 15:05:08 2868 [Note] Shutting down plugin 'INNODB_CMPMEM_RESET'
2017-04-20 15:05:08 2868 [Note] Shutting down plugin 'INNODB_CMPMEM'
2017-04-20 15:05:08 2868 [Note] Shutting down plugin 'INNODB_CMP_RESET'
2017-04-20 15:05:08 2868 [Note] Shutting down plugin 'INNODB_CMP'
2017-04-20 15:05:08 2868 [Note] Shutting down plugin 'INNODB_LOCK_WAITS'
2017-04-20 15:05:08 2868 [Note] Shutting down plugin 'INNODB_LOCKS'
2017-04-20 15:05:08 2868 [Note] Shutting down plugin 'INNODB_TRX'
2017-04-20 15:05:08 2868 [Note] Shutting down plugin 'BLACKHOLE'
2017-04-20 15:05:08 2868 [Note] Shutting down plugin 'ARCHIVE'
2017-04-20 15:05:08 2868 [Note] Shutting down plugin 'MRG_MYISAM'
2017-04-20 15:05:08 2868 [Note] Shutting down plugin 'MyISAM'
2017-04-20 15:05:08 2868 [Note] Shutting down plugin 'MEMORY'
2017-04-20 15:05:08 2868 [Note] Shutting down plugin 'CSV'
2017-04-20 15:05:08 2868 [Note] Shutting down plugin 'sha256_password'
2017-04-20 15:05:08 2868 [Note] Shutting down plugin 'mysql_old_password'
2017-04-20 15:05:08 2868 [Note] Shutting down plugin 'mysql_native_password'
2017-04-20 15:05:08 2868 [Note] Shutting down plugin 'binlog'
2017-04-20 15:05:08 2868 [Note] E:\project 1/mysql/bin/mysqld_usbwv8.exe: Shutdown complete

2017-04-20 15:05:33 4408 [Note] Plugin 'FEDERATED' is disabled.
2017-04-20 15:05:33 4408 [Note] InnoDB: The InnoDB memory heap is disabled
2017-04-20 15:05:33 4408 [Note] InnoDB: Mutexes and rw_locks use Windows interlocked functions
2017-04-20 15:05:33 4408 [Note] InnoDB: Compressed tables use zlib 1.2.3
2017-04-20 15:05:33 4408 [Note] InnoDB: Not using CPU crc32 instructions
2017-04-20 15:05:33 4408 [Note] InnoDB: Initializing buffer pool, size = 128.0M
2017-04-20 15:05:33 4408 [Note] InnoDB: Completed initialization of buffer pool
2017-04-20 15:05:33 4408 [Note] InnoDB: Highest supported file format is Barracuda.
2017-04-20 15:05:33 4408 [Note] InnoDB: The log sequence numbers 1626134 and 1626134 in ibdata files do not match the log sequence number 1891652 in the ib_logfiles!
2017-04-20 15:05:33 4408 [Note] InnoDB: Database was not shutdown normally!
2017-04-20 15:05:33 4408 [Note] InnoDB: Starting crash recovery.
2017-04-20 15:05:33 4408 [Note] InnoDB: Reading tablespace information from the .ibd files...
2017-04-20 15:05:33 4408 [Note] InnoDB: Restoring possible half-written data pages 
2017-04-20 15:05:33 4408 [Note] InnoDB: from the doublewrite buffer...
2017-04-20 15:05:34 4408 [Note] InnoDB: 128 rollback segment(s) are active.
2017-04-20 15:05:34 4408 [Note] InnoDB: Waiting for purge to start
2017-04-20 15:05:34 4408 [Note] InnoDB: 5.6.13 started; log sequence number 1891652
2017-04-20 15:05:34 4408 [Note] Server hostname (bind-address): '*'; port: 3307
2017-04-20 15:05:34 4408 [Note] IPv6 is available.
2017-04-20 15:05:34 4408 [Note]   - '::' resolves to '::';
2017-04-20 15:05:34 4408 [Note] Server socket created on IP: '::'.
2017-04-21 11:02:05 8060 [Note] Plugin 'FEDERATED' is disabled.
2017-04-21 11:02:07 8060 [Note] InnoDB: The InnoDB memory heap is disabled
2017-04-21 11:02:07 8060 [Note] InnoDB: Mutexes and rw_locks use Windows interlocked functions
2017-04-21 11:02:07 8060 [Note] InnoDB: Compressed tables use zlib 1.2.3
2017-04-21 11:02:08 8060 [Note] InnoDB: Not using CPU crc32 instructions
2017-04-21 11:02:08 8060 [Note] InnoDB: Initializing buffer pool, size = 128.0M
2017-04-21 11:02:08 8060 [Note] InnoDB: Completed initialization of buffer pool
2017-04-21 11:02:10 8060 [Note] InnoDB: Highest supported file format is Barracuda.
2017-04-21 11:02:10 8060 [Note] InnoDB: The log sequence numbers 1626134 and 1626134 in ibdata files do not match the log sequence number 1891662 in the ib_logfiles!
2017-04-21 11:02:10 8060 [Note] InnoDB: Database was not shutdown normally!
2017-04-21 11:02:10 8060 [Note] InnoDB: Starting crash recovery.
2017-04-21 11:02:10 8060 [Note] InnoDB: Reading tablespace information from the .ibd files...
2017-04-21 11:02:11 8060 [Note] InnoDB: Restoring possible half-written data pages 
2017-04-21 11:02:11 8060 [Note] InnoDB: from the doublewrite buffer...
2017-04-21 11:02:13 8060 [Note] InnoDB: 128 rollback segment(s) are active.
2017-04-21 11:02:13 8060 [Note] InnoDB: Waiting for purge to start
2017-04-21 11:02:13 8060 [Note] InnoDB: 5.6.13 started; log sequence number 1891662
2017-04-21 11:02:13 8060 [Note] Server hostname (bind-address): '*'; port: 3307
2017-04-21 11:02:13 8060 [Note] IPv6 is available.
2017-04-21 11:02:13 8060 [Note]   - '::' resolves to '::';
2017-04-21 11:02:13 8060 [Note] Server socket created on IP: '::'.
2017-04-21 16:25:47 11120 [Note] Plugin 'FEDERATED' is disabled.
2017-04-21 16:25:47 11120 [Note] InnoDB: The InnoDB memory heap is disabled
2017-04-21 16:25:47 11120 [Note] InnoDB: Mutexes and rw_locks use Windows interlocked functions
2017-04-21 16:25:47 11120 [Note] InnoDB: Compressed tables use zlib 1.2.3
2017-04-21 16:25:47 11120 [Note] InnoDB: Not using CPU crc32 instructions
2017-04-21 16:25:47 11120 [Note] InnoDB: Initializing buffer pool, size = 128.0M
2017-04-21 16:25:47 11120 [Note] InnoDB: Completed initialization of buffer pool
2017-04-21 16:25:49 11120 [Note] InnoDB: Highest supported file format is Barracuda.
2017-04-21 16:25:50 11120 [Note] InnoDB: The log sequence numbers 1626134 and 1626134 in ibdata files do not match the log sequence number 1891672 in the ib_logfiles!
2017-04-21 16:25:50 11120 [Note] InnoDB: Database was not shutdown normally!
2017-04-21 16:25:50 11120 [Note] InnoDB: Starting crash recovery.
2017-04-21 16:25:50 11120 [Note] InnoDB: Reading tablespace information from the .ibd files...
2017-04-21 16:25:52 11120 [Note] InnoDB: Restoring possible half-written data pages 
2017-04-21 16:25:52 11120 [Note] InnoDB: from the doublewrite buffer...
2017-04-21 16:25:55 11120 [Note] InnoDB: 128 rollback segment(s) are active.
2017-04-21 16:25:55 11120 [Note] InnoDB: Waiting for purge to start
2017-04-21 16:25:55 11120 [Note] InnoDB: 5.6.13 started; log sequence number 1891672
2017-04-21 16:25:55 11120 [Note] Server hostname (bind-address): '*'; port: 3307
2017-04-21 16:25:55 11120 [Note] IPv6 is available.
2017-04-21 16:25:55 11120 [Note]   - '::' resolves to '::';
2017-04-21 16:25:55 11120 [Note] Server socket created on IP: '::'.
2017-04-24 13:03:20 9652 [Note] Plugin 'FEDERATED' is disabled.
2017-04-24 13:03:20 9652 [Note] InnoDB: The InnoDB memory heap is disabled
2017-04-24 13:03:20 9652 [Note] InnoDB: Mutexes and rw_locks use Windows interlocked functions
2017-04-24 13:03:20 9652 [Note] InnoDB: Compressed tables use zlib 1.2.3
2017-04-24 13:03:20 9652 [Note] InnoDB: Not using CPU crc32 instructions
2017-04-24 13:03:20 9652 [Note] InnoDB: Initializing buffer pool, size = 128.0M
2017-04-24 13:03:20 9652 [Note] InnoDB: Completed initialization of buffer pool
2017-04-24 13:03:20 9652 [Note] InnoDB: Highest supported file format is Barracuda.
2017-04-24 13:03:20 9652 [Note] InnoDB: The log sequence numbers 1626134 and 1626134 in ibdata files do not match the log sequence number 1891682 in the ib_logfiles!
2017-04-24 13:03:20 9652 [Note] InnoDB: Database was not shutdown normally!
2017-04-24 13:03:20 9652 [Note] InnoDB: Starting crash recovery.
2017-04-24 13:03:20 9652 [Note] InnoDB: Reading tablespace information from the .ibd files...
2017-04-24 13:03:21 9652 [Note] InnoDB: Restoring possible half-written data pages 
2017-04-24 13:03:21 9652 [Note] InnoDB: from the doublewrite buffer...
2017-04-24 13:03:26 9652 [Note] InnoDB: 128 rollback segment(s) are active.
2017-04-24 13:03:26 9652 [Note] InnoDB: Waiting for purge to start
2017-04-24 13:03:26 9652 [Note] InnoDB: 5.6.13 started; log sequence number 1891682
2017-04-24 13:03:27 9652 [Note] Server hostname (bind-address): '*'; port: 3307
2017-04-24 13:03:27 9652 [Note] IPv6 is available.
2017-04-24 13:03:27 9652 [Note]   - '::' resolves to '::';
2017-04-24 13:03:27 9652 [Note] Server socket created on IP: '::'.
2017-04-27 13:23:35 8228 [Note] Plugin 'FEDERATED' is disabled.
2017-04-27 13:23:35 8228 [Note] InnoDB: The InnoDB memory heap is disabled
2017-04-27 13:23:35 8228 [Note] InnoDB: Mutexes and rw_locks use Windows interlocked functions
2017-04-27 13:23:35 8228 [Note] InnoDB: Compressed tables use zlib 1.2.3
2017-04-27 13:23:36 8228 [Note] InnoDB: Not using CPU crc32 instructions
2017-04-27 13:23:36 8228 [Note] InnoDB: Initializing buffer pool, size = 128.0M
2017-04-27 13:23:36 8228 [Note] InnoDB: Completed initialization of buffer pool
2017-04-27 13:23:36 8228 [Note] InnoDB: Highest supported file format is Barracuda.
2017-04-27 13:23:36 8228 [Note] InnoDB: The log sequence numbers 1626134 and 1626134 in ibdata files do not match the log sequence number 1891692 in the ib_logfiles!
2017-04-27 13:23:36 8228 [Note] InnoDB: Database was not shutdown normally!
2017-04-27 13:23:36 8228 [Note] InnoDB: Starting crash recovery.
2017-04-27 13:23:36 8228 [Note] InnoDB: Reading tablespace information from the .ibd files...
2017-04-27 13:23:37 8228 [Note] InnoDB: Restoring possible half-written data pages 
2017-04-27 13:23:37 8228 [Note] InnoDB: from the doublewrite buffer...
2017-04-27 13:23:38 8228 [Note] InnoDB: 128 rollback segment(s) are active.
2017-04-27 13:23:38 8228 [Note] InnoDB: Waiting for purge to start
2017-04-27 13:23:38 8228 [Note] InnoDB: 5.6.13 started; log sequence number 1891692
2017-04-27 13:23:38 8228 [Note] Server hostname (bind-address): '*'; port: 3307
2017-04-27 13:23:38 8228 [Note] IPv6 is available.
2017-04-27 13:23:38 8228 [Note]   - '::' resolves to '::';
2017-04-27 13:23:38 8228 [Note] Server socket created on IP: '::'.
2017-04-27 21:55:00 11320 [Note] Plugin 'FEDERATED' is disabled.
2017-04-27 21:55:00 11320 [Note] InnoDB: The InnoDB memory heap is disabled
2017-04-27 21:55:00 11320 [Note] InnoDB: Mutexes and rw_locks use Windows interlocked functions
2017-04-27 21:55:00 11320 [Note] InnoDB: Compressed tables use zlib 1.2.3
2017-04-27 21:55:00 11320 [Note] InnoDB: Not using CPU crc32 instructions
2017-04-27 21:55:00 11320 [Note] InnoDB: Initializing buffer pool, size = 128.0M
2017-04-27 21:55:00 11320 [Note] InnoDB: Completed initialization of buffer pool
2017-04-27 21:55:01 11320 [Note] InnoDB: Highest supported file format is Barracuda.
2017-04-27 21:55:01 11320 [Note] InnoDB: The log sequence numbers 1626134 and 1626134 in ibdata files do not match the log sequence number 1891702 in the ib_logfiles!
2017-04-27 21:55:01 11320 [Note] InnoDB: Database was not shutdown normally!
2017-04-27 21:55:01 11320 [Note] InnoDB: Starting crash recovery.
2017-04-27 21:55:01 11320 [Note] InnoDB: Reading tablespace information from the .ibd files...
2017-04-27 21:55:01 11320 [Note] InnoDB: Restoring possible half-written data pages 
2017-04-27 21:55:01 11320 [Note] InnoDB: from the doublewrite buffer...
2017-04-27 21:55:02 11320 [Note] InnoDB: 128 rollback segment(s) are active.
2017-04-27 21:55:02 11320 [Note] InnoDB: Waiting for purge to start
2017-04-27 21:55:02 11320 [Note] InnoDB: 5.6.13 started; log sequence number 1891702
2017-04-27 21:55:02 11320 [Note] Server hostname (bind-address): '*'; port: 3307
2017-04-27 21:55:02 11320 [Note] IPv6 is available.
2017-04-27 21:55:02 11320 [Note]   - '::' resolves to '::';
2017-04-27 21:55:02 11320 [Note] Server socket created on IP: '::'.
2017-04-28 09:23:54 8076 [Note] Plugin 'FEDERATED' is disabled.
2017-04-28 09:23:54 8076 [Note] InnoDB: The InnoDB memory heap is disabled
2017-04-28 09:23:54 8076 [Note] InnoDB: Mutexes and rw_locks use Windows interlocked functions
2017-04-28 09:23:54 8076 [Note] InnoDB: Compressed tables use zlib 1.2.3
2017-04-28 09:23:54 8076 [Note] InnoDB: Not using CPU crc32 instructions
2017-04-28 09:23:54 8076 [Note] InnoDB: Initializing buffer pool, size = 128.0M
2017-04-28 09:23:54 8076 [Note] InnoDB: Completed initialization of buffer pool
2017-04-28 09:23:54 8076 [Note] InnoDB: Highest supported file format is Barracuda.
2017-04-28 09:23:55 8076 [Note] InnoDB: The log sequence numbers 1626134 and 1626134 in ibdata files do not match the log sequence number 1891712 in the ib_logfiles!
2017-04-28 09:23:55 8076 [Note] InnoDB: Database was not shutdown normally!
2017-04-28 09:23:55 8076 [Note] InnoDB: Starting crash recovery.
2017-04-28 09:23:55 8076 [Note] InnoDB: Reading tablespace information from the .ibd files...
2017-04-28 09:23:55 8076 [Note] InnoDB: Restoring possible half-written data pages 
2017-04-28 09:23:55 8076 [Note] InnoDB: from the doublewrite buffer...
2017-04-28 09:24:00 8076 [Note] InnoDB: 128 rollback segment(s) are active.
2017-04-28 09:24:01 8076 [Note] InnoDB: Waiting for purge to start
2017-04-28 09:24:01 8076 [Note] InnoDB: 5.6.13 started; log sequence number 1891712
2017-04-28 09:24:01 8076 [Note] Server hostname (bind-address): '*'; port: 3307
2017-04-28 09:24:01 8076 [Note] IPv6 is available.
2017-04-28 09:24:01 8076 [Note]   - '::' resolves to '::';
2017-04-28 09:24:01 8076 [Note] Server socket created on IP: '::'.
2017-04-28 12:14:45 9904 [Note] Plugin 'FEDERATED' is disabled.
2017-04-28 12:14:45 9904 [Note] InnoDB: The InnoDB memory heap is disabled
2017-04-28 12:14:45 9904 [Note] InnoDB: Mutexes and rw_locks use Windows interlocked functions
2017-04-28 12:14:45 9904 [Note] InnoDB: Compressed tables use zlib 1.2.3
2017-04-28 12:14:45 9904 [Note] InnoDB: Not using CPU crc32 instructions
2017-04-28 12:14:45 9904 [Note] InnoDB: Initializing buffer pool, size = 128.0M
2017-04-28 12:14:45 9904 [Note] InnoDB: Completed initialization of buffer pool
2017-04-28 12:14:46 9904 [Note] InnoDB: Highest supported file format is Barracuda.
2017-04-28 12:14:46 9904 [Note] InnoDB: The log sequence numbers 1626134 and 1626134 in ibdata files do not match the log sequence number 1892483 in the ib_logfiles!
2017-04-28 12:14:46 9904 [Note] InnoDB: Database was not shutdown normally!
2017-04-28 12:14:46 9904 [Note] InnoDB: Starting crash recovery.
2017-04-28 12:14:46 9904 [Note] InnoDB: Reading tablespace information from the .ibd files...
2017-04-28 12:14:46 9904 [Note] InnoDB: Restoring possible half-written data pages 
2017-04-28 12:14:46 9904 [Note] InnoDB: from the doublewrite buffer...
2017-04-28 12:14:47 9904 [Note] InnoDB: 128 rollback segment(s) are active.
2017-04-28 12:14:47 9904 [Note] InnoDB: Waiting for purge to start
2017-04-28 12:14:47 9904 [Note] InnoDB: 5.6.13 started; log sequence number 1892483
2017-04-28 12:14:47 9904 [Note] Server hostname (bind-address): '*'; port: 3307
2017-04-28 12:14:47 9904 [Note] IPv6 is available.
2017-04-28 12:14:47 9904 [Note]   - '::' resolves to '::';
2017-04-28 12:14:47 9904 [Note] Server socket created on IP: '::'.
2017-04-28 12:14:48 9904 [Note] Event Scheduler: Loaded 0 events
2017-04-28 12:14:48 9904 [Note] G:\project 1/mysql/bin/mysqld_usbwv8.exe: ready for connections.
Version: '5.6.13'  socket: ''  port: 3307  MySQL Community Server (GPL)
2017-04-28 12:28:04 7156 [Note] Plugin 'FEDERATED' is disabled.
2017-04-28 12:28:04 7156 [Note] InnoDB: The InnoDB memory heap is disabled
2017-04-28 12:28:04 7156 [Note] InnoDB: Mutexes and rw_locks use Windows interlocked functions
2017-04-28 12:28:04 7156 [Note] InnoDB: Compressed tables use zlib 1.2.3
2017-04-28 12:28:04 7156 [Note] InnoDB: Not using CPU crc32 instructions
2017-04-28 12:28:04 7156 [Note] InnoDB: Initializing buffer pool, size = 128.0M
2017-04-28 12:28:04 7156 [Note] InnoDB: Completed initialization of buffer pool
2017-04-28 12:28:04 7156 [Note] InnoDB: Highest supported file format is Barracuda.
2017-04-28 12:28:04 7156 [Note] InnoDB: The log sequence numbers 1626134 and 1626134 in ibdata files do not match the log sequence number 1892493 in the ib_logfiles!
2017-04-28 12:28:04 7156 [Note] InnoDB: Database was not shutdown normally!
2017-04-28 12:28:04 7156 [Note] InnoDB: Starting crash recovery.
2017-04-28 12:28:04 7156 [Note] InnoDB: Reading tablespace information from the .ibd files...
2017-04-28 12:28:05 7156 [Note] InnoDB: Restoring possible half-written data pages 
2017-04-28 12:28:05 7156 [Note] InnoDB: from the doublewrite buffer...
2017-04-28 12:28:06 7156 [Note] InnoDB: 128 rollback segment(s) are active.
2017-04-28 12:28:06 7156 [Note] InnoDB: Waiting for purge to start
2017-04-28 12:28:06 7156 [Note] InnoDB: 5.6.13 started; log sequence number 1892493
2017-04-28 12:28:06 7156 [Note] Server hostname (bind-address): '*'; port: 3307
2017-04-28 12:28:06 7156 [Note] IPv6 is available.
2017-04-28 12:28:06 7156 [Note]   - '::' resolves to '::';
2017-04-28 12:28:06 7156 [Note] Server socket created on IP: '::'.
2017-04-28 12:28:10 7156 [Note] Event Scheduler: Loaded 0 events
2017-04-28 12:28:10 7156 [Note] G:\project 1/mysql/bin/mysqld_usbwv8.exe: ready for connections.
Version: '5.6.13'  socket: ''  port: 3307  MySQL Community Server (GPL)
2017-04-28 12:28:15 9860 [Note] Plugin 'FEDERATED' is disabled.
2017-04-28 12:28:15 9860 [Note] InnoDB: The InnoDB memory heap is disabled
2017-04-28 12:28:15 9860 [Note] InnoDB: Mutexes and rw_locks use Windows interlocked functions
2017-04-28 12:28:15 9860 [Note] InnoDB: Compressed tables use zlib 1.2.3
2017-04-28 12:28:15 9860 [Note] InnoDB: Not using CPU crc32 instructions
2017-04-28 12:28:15 9860 [Note] InnoDB: Initializing buffer pool, size = 128.0M
2017-04-28 12:28:15 9860 [Note] InnoDB: Completed initialization of buffer pool
2017-04-28 12:28:15 9860 [Note] InnoDB: Highest supported file format is Barracuda.
2017-04-28 12:28:15 9860 [Note] InnoDB: The log sequence numbers 1626134 and 1626134 in ibdata files do not match the log sequence number 1892503 in the ib_logfiles!
2017-04-28 12:28:15 9860 [Note] InnoDB: Database was not shutdown normally!
2017-04-28 12:28:15 9860 [Note] InnoDB: Starting crash recovery.
2017-04-28 12:28:15 9860 [Note] InnoDB: Reading tablespace information from the .ibd files...
2017-04-28 12:28:16 9860 [Note] InnoDB: Restoring possible half-written data pages 
2017-04-28 12:28:16 9860 [Note] InnoDB: from the doublewrite buffer...
2017-04-28 12:28:19 9860 [Note] InnoDB: 128 rollback segment(s) are active.
2017-04-28 12:28:19 9860 [Note] InnoDB: Waiting for purge to start
2017-04-28 12:28:20 9860 [Note] InnoDB: 5.6.13 started; log sequence number 1892503
2017-04-28 12:28:20 9860 [Note] Server hostname (bind-address): '*'; port: 3307
2017-04-28 12:28:20 9860 [Note] IPv6 is available.
2017-04-28 12:28:20 9860 [Note]   - '::' resolves to '::';
2017-04-28 12:28:20 9860 [Note] Server socket created on IP: '::'.
2017-04-28 12:45:55 8180 [Note] Plugin 'FEDERATED' is disabled.
2017-04-28 12:45:55 8180 [Note] InnoDB: The InnoDB memory heap is disabled
2017-04-28 12:45:55 8180 [Note] InnoDB: Mutexes and rw_locks use Windows interlocked functions
2017-04-28 12:45:55 8180 [Note] InnoDB: Compressed tables use zlib 1.2.3
2017-04-28 12:45:55 8180 [Note] InnoDB: Not using CPU crc32 instructions
2017-04-28 12:45:55 8180 [Note] InnoDB: Initializing buffer pool, size = 128.0M
2017-04-28 12:45:55 8180 [Note] InnoDB: Completed initialization of buffer pool
2017-04-28 12:45:55 8180 [Note] InnoDB: Highest supported file format is Barracuda.
2017-04-28 12:45:55 8180 [Note] InnoDB: The log sequence numbers 1626134 and 1626134 in ibdata files do not match the log sequence number 1892513 in the ib_logfiles!
2017-04-28 12:45:55 8180 [Note] InnoDB: Database was not shutdown normally!
2017-04-28 12:45:55 8180 [Note] InnoDB: Starting crash recovery.
2017-04-28 12:45:55 8180 [Note] InnoDB: Reading tablespace information from the .ibd files...
2017-04-28 12:45:55 8180 [Note] InnoDB: Restoring possible half-written data pages 
2017-04-28 12:45:55 8180 [Note] InnoDB: from the doublewrite buffer...
2017-04-28 12:45:57 8180 [Note] InnoDB: 128 rollback segment(s) are active.
2017-04-28 12:45:57 8180 [Note] InnoDB: Waiting for purge to start
2017-04-28 12:45:57 8180 [Note] InnoDB: 5.6.13 started; log sequence number 1892513
2017-04-28 12:45:57 8180 [Note] Server hostname (bind-address): '*'; port: 3307
2017-04-28 12:45:57 8180 [Note] IPv6 is available.
2017-04-28 12:45:57 8180 [Note]   - '::' resolves to '::';
2017-04-28 12:45:57 8180 [Note] Server socket created on IP: '::'.
2017-04-29 10:57:26 6068 [Note] Plugin 'FEDERATED' is disabled.
2017-04-29 10:57:26 6068 [Note] InnoDB: The InnoDB memory heap is disabled
2017-04-29 10:57:26 6068 [Note] InnoDB: Mutexes and rw_locks use Windows interlocked functions
2017-04-29 10:57:26 6068 [Note] InnoDB: Compressed tables use zlib 1.2.3
2017-04-29 10:57:26 6068 [Note] InnoDB: Not using CPU crc32 instructions
2017-04-29 10:57:26 6068 [Note] InnoDB: Initializing buffer pool, size = 128.0M
2017-04-29 10:57:26 6068 [Note] InnoDB: Completed initialization of buffer pool
2017-04-29 10:57:27 6068 [Note] InnoDB: Highest supported file format is Barracuda.
2017-04-29 10:57:27 6068 [Note] InnoDB: The log sequence numbers 1626134 and 1626134 in ibdata files do not match the log sequence number 1892634 in the ib_logfiles!
2017-04-29 10:57:27 6068 [Note] InnoDB: Database was not shutdown normally!
2017-04-29 10:57:27 6068 [Note] InnoDB: Starting crash recovery.
2017-04-29 10:57:27 6068 [Note] InnoDB: Reading tablespace information from the .ibd files...
2017-04-29 10:57:28 6068 [Note] InnoDB: Restoring possible half-written data pages 
2017-04-29 10:57:28 6068 [Note] InnoDB: from the doublewrite buffer...
2017-04-29 10:57:30 6068 [Note] InnoDB: 128 rollback segment(s) are active.
2017-04-29 10:57:30 6068 [Note] InnoDB: Waiting for purge to start
2017-04-29 10:57:30 6068 [Note] InnoDB: 5.6.13 started; log sequence number 1892634
2017-04-29 10:57:30 6068 [Note] Server hostname (bind-address): '*'; port: 3307
2017-04-29 10:57:30 6068 [Note] IPv6 is available.
2017-04-29 10:57:30 6068 [Note]   - '::' resolves to '::';
2017-04-29 10:57:30 6068 [Note] Server socket created on IP: '::'.
2017-04-29 11:43:27 9948 [Note] Plugin 'FEDERATED' is disabled.
2017-04-29 11:43:27 9948 [Note] InnoDB: The InnoDB memory heap is disabled
2017-04-29 11:43:27 9948 [Note] InnoDB: Mutexes and rw_locks use Windows interlocked functions
2017-04-29 11:43:27 9948 [Note] InnoDB: Compressed tables use zlib 1.2.3
2017-04-29 11:43:27 9948 [Note] InnoDB: Not using CPU crc32 instructions
2017-04-29 11:43:27 9948 [Note] InnoDB: Initializing buffer pool, size = 128.0M
2017-04-29 11:43:27 9948 [Note] InnoDB: Completed initialization of buffer pool
2017-04-29 11:43:27 9948 [Note] InnoDB: Highest supported file format is Barracuda.
2017-04-29 11:43:27 9948 [Note] InnoDB: The log sequence numbers 1626134 and 1626134 in ibdata files do not match the log sequence number 1892644 in the ib_logfiles!
2017-04-29 11:43:27 9948 [Note] InnoDB: Database was not shutdown normally!
2017-04-29 11:43:27 9948 [Note] InnoDB: Starting crash recovery.
2017-04-29 11:43:27 9948 [Note] InnoDB: Reading tablespace information from the .ibd files...
2017-04-29 11:43:27 9948 [Note] InnoDB: Restoring possible half-written data pages 
2017-04-29 11:43:27 9948 [Note] InnoDB: from the doublewrite buffer...
2017-04-29 11:43:28 9948 [Note] InnoDB: 128 rollback segment(s) are active.
2017-04-29 11:43:28 9948 [Note] InnoDB: Waiting for purge to start
2017-04-29 11:43:28 9948 [Note] InnoDB: 5.6.13 started; log sequence number 1892644
2017-04-29 11:43:28 9948 [Note] Server hostname (bind-address): '*'; port: 3307
2017-04-29 11:43:28 9948 [Note] IPv6 is available.
2017-04-29 11:43:28 9948 [Note]   - '::' resolves to '::';
2017-04-29 11:43:28 9948 [Note] Server socket created on IP: '::'.
2017-05-04 19:34:26 5068 [Note] Plugin 'FEDERATED' is disabled.
2017-05-04 19:34:27 5068 [Note] InnoDB: The InnoDB memory heap is disabled
2017-05-04 19:34:27 5068 [Note] InnoDB: Mutexes and rw_locks use Windows interlocked functions
2017-05-04 19:34:27 5068 [Note] InnoDB: Compressed tables use zlib 1.2.3
2017-05-04 19:34:27 5068 [Note] InnoDB: Not using CPU crc32 instructions
2017-05-04 19:34:27 5068 [Note] InnoDB: Initializing buffer pool, size = 128.0M
2017-05-04 19:34:27 5068 [Note] InnoDB: Completed initialization of buffer pool
2017-05-04 19:34:28 5068 [Note] InnoDB: Highest supported file format is Barracuda.
2017-05-04 19:34:28 5068 [Note] InnoDB: The log sequence numbers 1626134 and 1626134 in ibdata files do not match the log sequence number 1892654 in the ib_logfiles!
2017-05-04 19:34:28 5068 [Note] InnoDB: Database was not shutdown normally!
2017-05-04 19:34:28 5068 [Note] InnoDB: Starting crash recovery.
2017-05-04 19:34:28 5068 [Note] InnoDB: Reading tablespace information from the .ibd files...
2017-05-04 19:34:28 5068 [Note] InnoDB: Restoring possible half-written data pages 
2017-05-04 19:34:28 5068 [Note] InnoDB: from the doublewrite buffer...
2017-05-04 19:34:32 5068 [Note] InnoDB: 128 rollback segment(s) are active.
2017-05-04 19:34:32 5068 [Note] InnoDB: Waiting for purge to start
2017-05-04 19:34:32 5068 [Note] InnoDB: 5.6.13 started; log sequence number 1892654
2017-05-04 19:34:32 5068 [Note] Server hostname (bind-address): '*'; port: 3307
2017-05-04 19:34:32 5068 [Note] IPv6 is available.
2017-05-04 19:34:32 5068 [Note]   - '::' resolves to '::';
2017-05-04 19:34:32 5068 [Note] Server socket created on IP: '::'.
2017-05-05 15:51:44 3604 [Note] Plugin 'FEDERATED' is disabled.
2017-05-05 15:51:44 3604 [Note] InnoDB: The InnoDB memory heap is disabled
2017-05-05 15:51:44 3604 [Note] InnoDB: Mutexes and rw_locks use Windows interlocked functions
2017-05-05 15:51:44 3604 [Note] InnoDB: Compressed tables use zlib 1.2.3
2017-05-05 15:51:44 3604 [Note] InnoDB: Not using CPU crc32 instructions
2017-05-05 15:51:44 3604 [Note] InnoDB: Initializing buffer pool, size = 128.0M
2017-05-05 15:51:44 3604 [Note] InnoDB: Completed initialization of buffer pool
2017-05-05 15:51:45 3604 [Note] InnoDB: Highest supported file format is Barracuda.
2017-05-05 15:51:45 3604 [Note] InnoDB: The log sequence numbers 1626134 and 1626134 in ibdata files do not match the log sequence number 1892664 in the ib_logfiles!
2017-05-05 15:51:45 3604 [Note] InnoDB: Database was not shutdown normally!
2017-05-05 15:51:45 3604 [Note] InnoDB: Starting crash recovery.
2017-05-05 15:51:45 3604 [Note] InnoDB: Reading tablespace information from the .ibd files...
2017-05-05 15:51:46 3604 [Note] InnoDB: Restoring possible half-written data pages 
2017-05-05 15:51:46 3604 [Note] InnoDB: from the doublewrite buffer...
2017-05-05 15:51:51 3604 [Note] InnoDB: 128 rollback segment(s) are active.
2017-05-05 15:51:52 3604 [Note] InnoDB: Waiting for purge to start
2017-05-05 15:51:52 3604 [Note] InnoDB: 5.6.13 started; log sequence number 1892664
2017-05-05 15:51:53 3604 [Note] Server hostname (bind-address): '*'; port: 3307
2017-05-05 15:51:53 3604 [Note] IPv6 is available.
2017-05-05 15:51:53 3604 [Note]   - '::' resolves to '::';
2017-05-05 15:51:53 3604 [Note] Server socket created on IP: '::'.
2017-05-05 22:03:32 8760 [Note] Plugin 'FEDERATED' is disabled.
2017-05-05 22:03:32 8760 [Note] InnoDB: The InnoDB memory heap is disabled
2017-05-05 22:03:32 8760 [Note] InnoDB: Mutexes and rw_locks use Windows interlocked functions
2017-05-05 22:03:32 8760 [Note] InnoDB: Compressed tables use zlib 1.2.3
2017-05-05 22:03:32 8760 [Note] InnoDB: Not using CPU crc32 instructions
2017-05-05 22:03:32 8760 [Note] InnoDB: Initializing buffer pool, size = 128.0M
2017-05-05 22:03:32 8760 [Note] InnoDB: Completed initialization of buffer pool
2017-05-05 22:03:32 8760 [Note] InnoDB: Highest supported file format is Barracuda.
2017-05-05 22:03:32 8760 [Note] InnoDB: The log sequence numbers 1626134 and 1626134 in ibdata files do not match the log sequence number 2145778 in the ib_logfiles!
2017-05-05 22:03:32 8760 [Note] InnoDB: Database was not shutdown normally!
2017-05-05 22:03:32 8760 [Note] InnoDB: Starting crash recovery.
2017-05-05 22:03:32 8760 [Note] InnoDB: Reading tablespace information from the .ibd files...
2017-05-05 22:03:32 8760 [Note] InnoDB: Restoring possible half-written data pages 
2017-05-05 22:03:32 8760 [Note] InnoDB: from the doublewrite buffer...
2017-05-05 22:03:33 8760 [Note] InnoDB: 128 rollback segment(s) are active.
2017-05-05 22:03:33 8760 [Note] InnoDB: Waiting for purge to start
2017-05-05 22:03:33 8760 [Note] InnoDB: 5.6.13 started; log sequence number 2145778
2017-05-05 22:03:33 8760 [Note] Server hostname (bind-address): '*'; port: 3307
2017-05-05 22:03:33 8760 [Note] IPv6 is available.
2017-05-05 22:03:33 8760 [Note]   - '::' resolves to '::';
2017-05-05 22:03:33 8760 [Note] Server socket created on IP: '::'.
2017-05-05 22:48:02 1308 [Note] Plugin 'FEDERATED' is disabled.
2017-05-05 22:48:02 1308 [Note] InnoDB: The InnoDB memory heap is disabled
2017-05-05 22:48:02 1308 [Note] InnoDB: Mutexes and rw_locks use Windows interlocked functions
2017-05-05 22:48:02 1308 [Note] InnoDB: Compressed tables use zlib 1.2.3
2017-05-05 22:48:02 1308 [Note] InnoDB: Not using CPU crc32 instructions
2017-05-05 22:48:02 1308 [Note] InnoDB: Initializing buffer pool, size = 128.0M
2017-05-05 22:48:02 1308 [Note] InnoDB: Completed initialization of buffer pool
2017-05-05 22:48:02 1308 [Note] InnoDB: Highest supported file format is Barracuda.
2017-05-05 22:48:02 1308 [Note] InnoDB: The log sequence numbers 1626134 and 1626134 in ibdata files do not match the log sequence number 2148725 in the ib_logfiles!
2017-05-05 22:48:02 1308 [Note] InnoDB: Database was not shutdown normally!
2017-05-05 22:48:02 1308 [Note] InnoDB: Starting crash recovery.
2017-05-05 22:48:02 1308 [Note] InnoDB: Reading tablespace information from the .ibd files...
2017-05-05 22:48:02 1308 [Note] InnoDB: Restoring possible half-written data pages 
2017-05-05 22:48:02 1308 [Note] InnoDB: from the doublewrite buffer...
2017-05-05 22:48:04 1308 [Note] InnoDB: 128 rollback segment(s) are active.
2017-05-05 22:48:04 1308 [Note] InnoDB: Waiting for purge to start
2017-05-05 22:48:04 1308 [Note] InnoDB: 5.6.13 started; log sequence number 2148725
2017-05-05 22:48:04 1308 [Note] Server hostname (bind-address): '*'; port: 3307
2017-05-05 22:48:04 1308 [Note] IPv6 is available.
2017-05-05 22:48:04 1308 [Note]   - '::' resolves to '::';
2017-05-05 22:48:04 1308 [Note] Server socket created on IP: '::'.
2017-05-06 13:53:44 5956 [Note] Plugin 'FEDERATED' is disabled.
2017-05-06 13:53:45 5956 [Note] InnoDB: The InnoDB memory heap is disabled
2017-05-06 13:53:45 5956 [Note] InnoDB: Mutexes and rw_locks use Windows interlocked functions
2017-05-06 13:53:45 5956 [Note] InnoDB: Compressed tables use zlib 1.2.3
2017-05-06 13:53:45 5956 [Note] InnoDB: Not using CPU crc32 instructions
2017-05-06 13:53:45 5956 [Note] InnoDB: Initializing buffer pool, size = 128.0M
2017-05-06 13:53:45 5956 [Note] InnoDB: Completed initialization of buffer pool
2017-05-06 13:53:45 5956 [Note] InnoDB: Highest supported file format is Barracuda.
2017-05-06 13:53:45 5956 [Note] InnoDB: The log sequence numbers 1626134 and 1626134 in ibdata files do not match the log sequence number 2153808 in the ib_logfiles!
2017-05-06 13:53:45 5956 [Note] InnoDB: Database was not shutdown normally!
2017-05-06 13:53:45 5956 [Note] InnoDB: Starting crash recovery.
2017-05-06 13:53:45 5956 [Note] InnoDB: Reading tablespace information from the .ibd files...
2017-05-06 13:53:46 5956 [Note] InnoDB: Restoring possible half-written data pages 
2017-05-06 13:53:46 5956 [Note] InnoDB: from the doublewrite buffer...
2017-05-06 13:53:55 5956 [Note] InnoDB: 128 rollback segment(s) are active.
2017-05-06 13:53:55 5956 [Note] InnoDB: Waiting for purge to start
2017-05-06 13:53:56 5956 [Note] InnoDB: 5.6.13 started; log sequence number 2153808
2017-05-06 13:53:56 5956 [Note] Server hostname (bind-address): '*'; port: 3307
2017-05-06 13:53:56 5956 [Note] IPv6 is available.
2017-05-06 13:53:56 5956 [Note]   - '::' resolves to '::';
2017-05-06 13:53:56 5956 [Note] Server socket created on IP: '::'.
2017-05-07 20:57:27 1476 [Note] Plugin 'FEDERATED' is disabled.
2017-05-07 20:57:27 1476 [Note] InnoDB: The InnoDB memory heap is disabled
2017-05-07 20:57:27 1476 [Note] InnoDB: Mutexes and rw_locks use Windows interlocked functions
2017-05-07 20:57:27 1476 [Note] InnoDB: Compressed tables use zlib 1.2.3
2017-05-07 20:57:27 1476 [Note] InnoDB: Not using CPU crc32 instructions
2017-05-07 20:57:28 1476 [Note] InnoDB: Initializing buffer pool, size = 128.0M
2017-05-07 20:57:28 1476 [Note] InnoDB: Completed initialization of buffer pool
2017-05-07 20:57:28 1476 [Note] InnoDB: Highest supported file format is Barracuda.
2017-05-07 20:57:28 1476 [Note] InnoDB: The log sequence numbers 1626134 and 1626134 in ibdata files do not match the log sequence number 2173505 in the ib_logfiles!
2017-05-07 20:57:28 1476 [Note] InnoDB: Database was not shutdown normally!
2017-05-07 20:57:28 1476 [Note] InnoDB: Starting crash recovery.
2017-05-07 20:57:28 1476 [Note] InnoDB: Reading tablespace information from the .ibd files...
2017-05-07 20:57:29 1476 [Note] InnoDB: Restoring possible half-written data pages 
2017-05-07 20:57:29 1476 [Note] InnoDB: from the doublewrite buffer...
2017-05-07 20:57:30 1476 [Note] InnoDB: 128 rollback segment(s) are active.
2017-05-07 20:57:30 1476 [Note] InnoDB: Waiting for purge to start
2017-05-07 20:57:30 1476 [Note] InnoDB: 5.6.13 started; log sequence number 2173505
2017-05-07 20:57:30 1476 [Note] Server hostname (bind-address): '*'; port: 3307
2017-05-07 20:57:30 1476 [Note] IPv6 is available.
2017-05-07 20:57:30 1476 [Note]   - '::' resolves to '::';
2017-05-07 20:57:30 1476 [Note] Server socket created on IP: '::'.
2017-05-09 09:13:19 8084 [Note] Plugin 'FEDERATED' is disabled.
2017-05-09 09:13:19 8084 [Note] InnoDB: The InnoDB memory heap is disabled
2017-05-09 09:13:19 8084 [Note] InnoDB: Mutexes and rw_locks use Windows interlocked functions
2017-05-09 09:13:19 8084 [Note] InnoDB: Compressed tables use zlib 1.2.3
2017-05-09 09:13:19 8084 [Note] InnoDB: Not using CPU crc32 instructions
2017-05-09 09:13:19 8084 [Note] InnoDB: Initializing buffer pool, size = 128.0M
2017-05-09 09:13:19 8084 [Note] InnoDB: Completed initialization of buffer pool
2017-05-09 09:13:20 8084 [Note] InnoDB: Highest supported file format is Barracuda.
2017-05-09 09:13:20 8084 [Note] InnoDB: The log sequence numbers 1626134 and 1626134 in ibdata files do not match the log sequence number 2189573 in the ib_logfiles!
2017-05-09 09:13:20 8084 [Note] InnoDB: Database was not shutdown normally!
2017-05-09 09:13:20 8084 [Note] InnoDB: Starting crash recovery.
2017-05-09 09:13:20 8084 [Note] InnoDB: Reading tablespace information from the .ibd files...
2017-05-09 09:13:23 8084 [Note] InnoDB: Restoring possible half-written data pages 
2017-05-09 09:13:23 8084 [Note] InnoDB: from the doublewrite buffer...
2017-05-09 09:13:34 8084 [Note] InnoDB: 128 rollback segment(s) are active.
2017-05-09 09:13:34 8084 [Note] InnoDB: Waiting for purge to start
2017-05-09 09:13:34 8084 [Note] InnoDB: 5.6.13 started; log sequence number 2189573
2017-05-09 09:13:34 8084 [Note] Server hostname (bind-address): '*'; port: 3307
2017-05-09 09:13:34 8084 [Note] IPv6 is available.
2017-05-09 09:13:34 8084 [Note]   - '::' resolves to '::';
2017-05-09 09:13:34 8084 [Note] Server socket created on IP: '::'.
2017-05-10 12:12:33 8108 [Note] Plugin 'FEDERATED' is disabled.
2017-05-10 12:12:33 8108 [Note] InnoDB: The InnoDB memory heap is disabled
2017-05-10 12:12:33 8108 [Note] InnoDB: Mutexes and rw_locks use Windows interlocked functions
2017-05-10 12:12:33 8108 [Note] InnoDB: Compressed tables use zlib 1.2.3
2017-05-10 12:12:33 8108 [Note] InnoDB: Not using CPU crc32 instructions
2017-05-10 12:12:33 8108 [Note] InnoDB: Initializing buffer pool, size = 128.0M
2017-05-10 12:12:33 8108 [Note] InnoDB: Completed initialization of buffer pool
2017-05-10 12:12:34 8108 [Note] InnoDB: Highest supported file format is Barracuda.
2017-05-10 12:12:34 8108 [Note] InnoDB: The log sequence numbers 1626134 and 1626134 in ibdata files do not match the log sequence number 2191262 in the ib_logfiles!
2017-05-10 12:12:34 8108 [Note] InnoDB: Database was not shutdown normally!
2017-05-10 12:12:34 8108 [Note] InnoDB: Starting crash recovery.
2017-05-10 12:12:34 8108 [Note] InnoDB: Reading tablespace information from the .ibd files...
2017-05-10 12:12:34 8108 [Note] InnoDB: Restoring possible half-written data pages 
2017-05-10 12:12:34 8108 [Note] InnoDB: from the doublewrite buffer...
2017-05-10 12:12:38 8108 [Note] InnoDB: 128 rollback segment(s) are active.
2017-05-10 12:12:39 8108 [Note] InnoDB: Waiting for purge to start
2017-05-10 12:12:39 8108 [Note] InnoDB: 5.6.13 started; log sequence number 2191262
2017-05-10 12:12:39 8108 [Note] Server hostname (bind-address): '*'; port: 3307
2017-05-10 12:12:39 8108 [Note] IPv6 is available.
2017-05-10 12:12:39 8108 [Note]   - '::' resolves to '::';
2017-05-10 12:12:39 8108 [Note] Server socket created on IP: '::'.
2017-05-10 18:38:01 8608 [Note] Plugin 'FEDERATED' is disabled.
2017-05-10 18:38:01 8608 [Note] InnoDB: The InnoDB memory heap is disabled
2017-05-10 18:38:01 8608 [Note] InnoDB: Mutexes and rw_locks use Windows interlocked functions
2017-05-10 18:38:01 8608 [Note] InnoDB: Compressed tables use zlib 1.2.3
2017-05-10 18:38:01 8608 [Note] InnoDB: Not using CPU crc32 instructions
2017-05-10 18:38:01 8608 [Note] InnoDB: Initializing buffer pool, size = 128.0M
2017-05-10 18:38:01 8608 [Note] InnoDB: Completed initialization of buffer pool
2017-05-10 18:38:01 8608 [Note] InnoDB: Highest supported file format is Barracuda.
2017-05-10 18:38:02 8608 [Note] InnoDB: The log sequence numbers 1626134 and 1626134 in ibdata files do not match the log sequence number 2198923 in the ib_logfiles!
2017-05-10 18:38:02 8608 [Note] InnoDB: Database was not shutdown normally!
2017-05-10 18:38:02 8608 [Note] InnoDB: Starting crash recovery.
2017-05-10 18:38:02 8608 [Note] InnoDB: Reading tablespace information from the .ibd files...
2017-05-10 18:38:02 8608 [Note] InnoDB: Restoring possible half-written data pages 
2017-05-10 18:38:02 8608 [Note] InnoDB: from the doublewrite buffer...
2017-05-10 18:38:03 8608 [Note] InnoDB: 128 rollback segment(s) are active.
2017-05-10 18:38:03 8608 [Note] InnoDB: Waiting for purge to start
2017-05-10 18:38:03 8608 [Note] InnoDB: 5.6.13 started; log sequence number 2198923
2017-05-10 18:38:04 8608 [Note] Server hostname (bind-address): '*'; port: 3307
2017-05-10 18:38:04 8608 [Note] IPv6 is available.
2017-05-10 18:38:04 8608 [Note]   - '::' resolves to '::';
2017-05-10 18:38:04 8608 [Note] Server socket created on IP: '::'.
2017-05-10 22:22:55 9552 [Note] Plugin 'FEDERATED' is disabled.
2017-05-10 22:22:55 9552 [Note] InnoDB: The InnoDB memory heap is disabled
2017-05-10 22:22:55 9552 [Note] InnoDB: Mutexes and rw_locks use Windows interlocked functions
2017-05-10 22:22:55 9552 [Note] InnoDB: Compressed tables use zlib 1.2.3
2017-05-10 22:22:55 9552 [Note] InnoDB: Not using CPU crc32 instructions
2017-05-10 22:22:55 9552 [Note] InnoDB: Initializing buffer pool, size = 128.0M
2017-05-10 22:22:55 9552 [Note] InnoDB: Completed initialization of buffer pool
2017-05-10 22:22:56 9552 [Note] InnoDB: Highest supported file format is Barracuda.
2017-05-10 22:22:56 9552 [Note] InnoDB: The log sequence numbers 1626134 and 1626134 in ibdata files do not match the log sequence number 2198933 in the ib_logfiles!
2017-05-10 22:22:56 9552 [Note] InnoDB: Database was not shutdown normally!
2017-05-10 22:22:56 9552 [Note] InnoDB: Starting crash recovery.
2017-05-10 22:22:56 9552 [Note] InnoDB: Reading tablespace information from the .ibd files...
2017-05-10 22:22:57 9552 [Note] InnoDB: Restoring possible half-written data pages 
2017-05-10 22:22:57 9552 [Note] InnoDB: from the doublewrite buffer...
2017-05-10 22:23:06 9552 [Note] InnoDB: 128 rollback segment(s) are active.
2017-05-10 22:23:06 9552 [Note] InnoDB: Waiting for purge to start
2017-05-10 22:23:06 9552 [Note] InnoDB: 5.6.13 started; log sequence number 2198933
2017-05-10 22:23:06 9552 [Note] Server hostname (bind-address): '*'; port: 3307
2017-05-10 22:23:06 9552 [Note] IPv6 is available.
2017-05-10 22:23:06 9552 [Note]   - '::' resolves to '::';
2017-05-10 22:23:06 9552 [Note] Server socket created on IP: '::'.
2017-05-11 13:29:46 10048 [Note] Plugin 'FEDERATED' is disabled.
2017-05-11 13:29:48 10048 [Note] InnoDB: The InnoDB memory heap is disabled
2017-05-11 13:29:48 10048 [Note] InnoDB: Mutexes and rw_locks use Windows interlocked functions
2017-05-11 13:29:48 10048 [Note] InnoDB: Compressed tables use zlib 1.2.3
2017-05-11 13:29:49 10048 [Note] InnoDB: Not using CPU crc32 instructions
2017-05-11 13:29:49 10048 [Note] InnoDB: Initializing buffer pool, size = 128.0M
2017-05-11 13:29:49 10048 [Note] InnoDB: Completed initialization of buffer pool
2017-05-11 13:29:50 10048 [Note] InnoDB: Highest supported file format is Barracuda.
2017-05-11 13:29:50 10048 [Note] InnoDB: The log sequence numbers 1626134 and 1626134 in ibdata files do not match the log sequence number 2210739 in the ib_logfiles!
2017-05-11 13:29:50 10048 [Note] InnoDB: Database was not shutdown normally!
2017-05-11 13:29:50 10048 [Note] InnoDB: Starting crash recovery.
2017-05-11 13:29:50 10048 [Note] InnoDB: Reading tablespace information from the .ibd files...
2017-05-11 13:29:52 10048 [Note] InnoDB: Restoring possible half-written data pages 
2017-05-11 13:29:52 10048 [Note] InnoDB: from the doublewrite buffer...
2017-05-11 13:30:12 10048 [Note] InnoDB: 128 rollback segment(s) are active.
2017-05-11 13:30:13 10048 [Note] InnoDB: Waiting for purge to start
2017-05-11 13:30:13 10048 [Note] InnoDB: 5.6.13 started; log sequence number 2210739
2017-05-11 13:30:15 10048 [Note] Server hostname (bind-address): '*'; port: 3307
2017-05-11 13:30:15 10048 [Note] IPv6 is available.
2017-05-11 13:30:15 10048 [Note]   - '::' resolves to '::';
2017-05-11 13:30:15 10048 [Note] Server socket created on IP: '::'.
2017-05-12 09:16:18 7424 [Note] Plugin 'FEDERATED' is disabled.
2017-05-12 09:16:20 7424 [Note] InnoDB: The InnoDB memory heap is disabled
2017-05-12 09:16:20 7424 [Note] InnoDB: Mutexes and rw_locks use Windows interlocked functions
2017-05-12 09:16:20 7424 [Note] InnoDB: Compressed tables use zlib 1.2.3
2017-05-12 09:16:21 7424 [Note] InnoDB: Not using CPU crc32 instructions
2017-05-12 09:16:22 7424 [Note] InnoDB: Initializing buffer pool, size = 128.0M
2017-05-12 09:16:22 7424 [Note] InnoDB: Completed initialization of buffer pool
2017-05-12 09:16:24 7424 [Note] InnoDB: Highest supported file format is Barracuda.
2017-05-12 09:16:25 7424 [Note] InnoDB: The log sequence numbers 1626134 and 1626134 in ibdata files do not match the log sequence number 2212815 in the ib_logfiles!
2017-05-12 09:16:25 7424 [Note] InnoDB: Database was not shutdown normally!
2017-05-12 09:16:25 7424 [Note] InnoDB: Starting crash recovery.
2017-05-12 09:16:25 7424 [Note] InnoDB: Reading tablespace information from the .ibd files...
2017-05-12 09:16:27 7424 [Note] InnoDB: Restoring possible half-written data pages 
2017-05-12 09:16:27 7424 [Note] InnoDB: from the doublewrite buffer...
2017-05-12 09:16:40 7424 [Note] InnoDB: 128 rollback segment(s) are active.
2017-05-12 09:16:40 7424 [Note] InnoDB: Waiting for purge to start
2017-05-12 09:16:41 7424 [Note] InnoDB: 5.6.13 started; log sequence number 2212815
2017-05-12 09:16:41 7424 [Note] Server hostname (bind-address): '*'; port: 3307
2017-05-12 09:16:41 7424 [Note] IPv6 is available.
2017-05-12 09:16:41 7424 [Note]   - '::' resolves to '::';
2017-05-12 09:16:41 7424 [Note] Server socket created on IP: '::'.
